13:34:38.386 DEBUG [o.w.p.h.HttpService]  --> POST https://mainnet.infura.io/v3/781c1e5cae32417b93eac26042950d25 http/1.1
13:34:38.387 DEBUG [o.w.p.h.HttpService]  Content-Type: application/json; charset=utf-8
13:34:38.387 DEBUG [o.w.p.h.HttpService]  Content-Length: 200
13:34:38.388 DEBUG [o.w.p.h.HttpService]  
13:34:38.388 DEBUG [o.w.p.h.HttpService]  {"jsonrpc":"2.0","method":"eth_call","params":[{"to":"0xD1E5b0FF1287aA9f9A268759062E4Ab08b9Dacbe","data":"0x6352211e6d8b296e38dfd295f2f4feb9ef2721c48210b7d77c0a08867123d9bd5150cf47"},"latest"],"id":0}
13:34:38.388 DEBUG [o.w.p.h.HttpService]  --> END POST (200-byte body)
13:34:39.066 DEBUG [o.w.p.h.HttpService]  <-- 200  https://mainnet.infura.io/v3/781c1e5cae32417b93eac26042950d25 (677ms)
13:34:39.066 DEBUG [o.w.p.h.HttpService]  date: Thu, 21 May 2020 20:34:39 GMT
13:34:39.066 DEBUG [o.w.p.h.HttpService]  content-type: application/json
13:34:39.066 DEBUG [o.w.p.h.HttpService]  content-length: 302
13:34:39.066 DEBUG [o.w.p.h.HttpService]  vary: Origin
13:34:39.066 DEBUG [o.w.p.h.HttpService]  
13:34:39.066 DEBUG [o.w.p.h.HttpService]  {"jsonrpc":"2.0","id":0,"result":"0x08c379a0000000000000000000000000000000000000000000000000000000000000002000000000000000000000000000000000000000000000000000000000000000294552433732313a206f776e657220717565727920666f72206e6f6e6578697374656e7420746f6b656e0000000000000000000000000000000000000000000000"}
13:34:39.066 DEBUG [o.w.p.h.HttpService]  <-- END HTTP (302-byte body)
13:34:39.104 DEBUG [o.w.p.h.HttpService]  --> POST https://mainnet.infura.io/v3/781c1e5cae32417b93eac26042950d25 http/1.1
13:34:39.104 DEBUG [o.w.p.h.HttpService]  Content-Type: application/json; charset=utf-8
13:34:39.104 DEBUG [o.w.p.h.HttpService]  Content-Length: 200
13:34:39.104 DEBUG [o.w.p.h.HttpService]  
13:34:39.104 DEBUG [o.w.p.h.HttpService]  {"jsonrpc":"2.0","method":"eth_call","params":[{"to":"0xD1E5b0FF1287aA9f9A268759062E4Ab08b9Dacbe","data":"0xb3f9e4cb756e4e998dbffd803c21d23b06cd855cdc7a4b57706c95964a37e24b47c10fc9"},"latest"],"id":1}
13:34:39.104 DEBUG [o.w.p.h.HttpService]  --> END POST (200-byte body)
13:34:39.727 DEBUG [o.w.p.h.HttpService]  <-- 200  https://mainnet.infura.io/v3/781c1e5cae32417b93eac26042950d25 (623ms)
13:34:39.727 DEBUG [o.w.p.h.HttpService]  date: Thu, 21 May 2020 20:34:39 GMT
13:34:39.727 DEBUG [o.w.p.h.HttpService]  content-type: application/json
13:34:39.727 DEBUG [o.w.p.h.HttpService]  content-length: 102
13:34:39.727 DEBUG [o.w.p.h.HttpService]  vary: Origin
13:34:39.728 DEBUG [o.w.p.h.HttpService]  
13:34:39.728 DEBUG [o.w.p.h.HttpService]  {"jsonrpc":"2.0","id":1,"result":"0x000000000000000000000000b66dce2da6afaaa98f2013446dbcb0f4b0ab2842"}
13:34:39.728 DEBUG [o.w.p.h.HttpService]  <-- END HTTP (102-byte body)
13:34:39.733 DEBUG [o.w.p.h.HttpService]  --> POST https://mainnet.infura.io/v3/781c1e5cae32417b93eac26042950d25 http/1.1
13:34:39.733 DEBUG [o.w.p.h.HttpService]  Content-Type: application/json; charset=utf-8
13:34:39.733 DEBUG [o.w.p.h.HttpService]  Content-Length: 392
13:34:39.733 DEBUG [o.w.p.h.HttpService]  
13:34:39.733 DEBUG [o.w.p.h.HttpService]  {"jsonrpc":"2.0","method":"eth_call","params":[{"to":"0xb66dce2da6afaaa98f2013446dbcb0f4b0ab2842","data":"0x1be5e7ed0000000000000000000000000000000000000000000000000000000000000040756e4e998dbffd803c21d23b06cd855cdc7a4b57706c95964a37e24b47c10fc9000000000000000000000000000000000000000000000000000000000000001177686f69732e656d61696c2e76616c7565000000000000000000000000000000"},"latest"],"id":2}
13:34:39.733 DEBUG [o.w.p.h.HttpService]  --> END POST (392-byte body)
13:34:39.842 DEBUG [o.w.p.h.HttpService]  <-- 200  https://mainnet.infura.io/v3/781c1e5cae32417b93eac26042950d25 (109ms)
13:34:39.842 DEBUG [o.w.p.h.HttpService]  date: Thu, 21 May 2020 20:34:39 GMT
13:34:39.842 DEBUG [o.w.p.h.HttpService]  content-type: application/json
13:34:39.842 DEBUG [o.w.p.h.HttpService]  content-length: 166
13:34:39.842 DEBUG [o.w.p.h.HttpService]  vary: Origin
13:34:39.842 DEBUG [o.w.p.h.HttpService]  
13:34:39.842 DEBUG [o.w.p.h.HttpService]  {"jsonrpc":"2.0","id":2,"result":"0x00000000000000000000000000000000000000000000000000000000000000200000000000000000000000000000000000000000000000000000000000000000"}
13:34:39.842 DEBUG [o.w.p.h.HttpService]  <-- END HTTP (166-byte body)
13:34:39.853 DEBUG [o.w.p.h.HttpService]  --> POST https://mainnet.infura.io/v3/781c1e5cae32417b93eac26042950d25 http/1.1
13:34:39.853 DEBUG [o.w.p.h.HttpService]  Content-Type: application/json; charset=utf-8
13:34:39.853 DEBUG [o.w.p.h.HttpService]  Content-Length: 200
13:34:39.853 DEBUG [o.w.p.h.HttpService]  
13:34:39.853 DEBUG [o.w.p.h.HttpService]  {"jsonrpc":"2.0","method":"eth_call","params":[{"to":"0xD1E5b0FF1287aA9f9A268759062E4Ab08b9Dacbe","data":"0xb3f9e4cb6d8b296e38dfd295f2f4feb9ef2721c48210b7d77c0a08867123d9bd5150cf47"},"latest"],"id":3}
13:34:39.853 DEBUG [o.w.p.h.HttpService]  --> END POST (200-byte body)
13:34:40.528 DEBUG [o.w.p.h.HttpService]  <-- 200  https://mainnet.infura.io/v3/781c1e5cae32417b93eac26042950d25 (675ms)
13:34:40.528 DEBUG [o.w.p.h.HttpService]  date: Thu, 21 May 2020 20:34:40 GMT
13:34:40.528 DEBUG [o.w.p.h.HttpService]  content-type: application/json
13:34:40.528 DEBUG [o.w.p.h.HttpService]  content-length: 38
13:34:40.528 DEBUG [o.w.p.h.HttpService]  vary: Origin
13:34:40.528 DEBUG [o.w.p.h.HttpService]  
13:34:40.528 DEBUG [o.w.p.h.HttpService]  {"jsonrpc":"2.0","id":3,"result":"0x"}
13:34:40.528 DEBUG [o.w.p.h.HttpService]  <-- END HTTP (38-byte body)
13:34:40.532 DEBUG [o.w.p.h.HttpService]  --> POST https://mainnet.infura.io/v3/781c1e5cae32417b93eac26042950d25 http/1.1
13:34:40.533 DEBUG [o.w.p.h.HttpService]  Content-Type: application/json; charset=utf-8
13:34:40.533 DEBUG [o.w.p.h.HttpService]  Content-Length: 200
13:34:40.533 DEBUG [o.w.p.h.HttpService]  
13:34:40.533 DEBUG [o.w.p.h.HttpService]  {"jsonrpc":"2.0","method":"eth_call","params":[{"to":"0xD1E5b0FF1287aA9f9A268759062E4Ab08b9Dacbe","data":"0x6352211e756e4e998dbffd803c21d23b06cd855cdc7a4b57706c95964a37e24b47c10fc9"},"latest"],"id":4}
13:34:40.533 DEBUG [o.w.p.h.HttpService]  --> END POST (200-byte body)
13:34:41.218 DEBUG [o.w.p.h.HttpService]  <-- 200  https://mainnet.infura.io/v3/781c1e5cae32417b93eac26042950d25 (685ms)
13:34:41.218 DEBUG [o.w.p.h.HttpService]  date: Thu, 21 May 2020 20:34:41 GMT
13:34:41.218 DEBUG [o.w.p.h.HttpService]  content-type: application/json
13:34:41.218 DEBUG [o.w.p.h.HttpService]  content-length: 102
13:34:41.218 DEBUG [o.w.p.h.HttpService]  vary: Origin
13:34:41.218 DEBUG [o.w.p.h.HttpService]  
13:34:41.218 DEBUG [o.w.p.h.HttpService]  {"jsonrpc":"2.0","id":4,"result":"0x0000000000000000000000008aad44321a86b170879d7a244c1e8d360c99dda8"}
13:34:41.218 DEBUG [o.w.p.h.HttpService]  <-- END HTTP (102-byte body)
13:34:41.224 DEBUG [o.w.p.h.HttpService]  --> POST https://mainnet.infura.io/v3/781c1e5cae32417b93eac26042950d25 http/1.1
13:34:41.224 DEBUG [o.w.p.h.HttpService]  Content-Type: application/json; charset=utf-8
13:34:41.224 DEBUG [o.w.p.h.HttpService]  Content-Length: 200
13:34:41.224 DEBUG [o.w.p.h.HttpService]  
13:34:41.224 DEBUG [o.w.p.h.HttpService]  {"jsonrpc":"2.0","method":"eth_call","params":[{"to":"0xD1E5b0FF1287aA9f9A268759062E4Ab08b9Dacbe","data":"0xb3f9e4cb756e4e998dbffd803c21d23b06cd855cdc7a4b57706c95964a37e24b47c10fc9"},"latest"],"id":5}
13:34:41.224 DEBUG [o.w.p.h.HttpService]  --> END POST (200-byte body)
13:34:41.469 DEBUG [o.w.p.h.HttpService]  <-- 200  https://mainnet.infura.io/v3/781c1e5cae32417b93eac26042950d25 (244ms)
13:34:41.469 DEBUG [o.w.p.h.HttpService]  date: Thu, 21 May 2020 20:34:41 GMT
13:34:41.469 DEBUG [o.w.p.h.HttpService]  content-type: application/json
13:34:41.469 DEBUG [o.w.p.h.HttpService]  content-length: 102
13:34:41.469 DEBUG [o.w.p.h.HttpService]  vary: Origin
13:34:41.469 DEBUG [o.w.p.h.HttpService]  
13:34:41.469 DEBUG [o.w.p.h.HttpService]  {"jsonrpc":"2.0","id":5,"result":"0x000000000000000000000000b66dce2da6afaaa98f2013446dbcb0f4b0ab2842"}
13:34:41.469 DEBUG [o.w.p.h.HttpService]  <-- END HTTP (102-byte body)
13:34:41.471 DEBUG [o.w.p.h.HttpService]  --> POST https://mainnet.infura.io/v3/781c1e5cae32417b93eac26042950d25 http/1.1
13:34:41.471 DEBUG [o.w.p.h.HttpService]  Content-Type: application/json; charset=utf-8
13:34:41.471 DEBUG [o.w.p.h.HttpService]  Content-Length: 392
13:34:41.471 DEBUG [o.w.p.h.HttpService]  
13:34:41.471 DEBUG [o.w.p.h.HttpService]  {"jsonrpc":"2.0","method":"eth_call","params":[{"to":"0xb66dce2da6afaaa98f2013446dbcb0f4b0ab2842","data":"0x1be5e7ed0000000000000000000000000000000000000000000000000000000000000040756e4e998dbffd803c21d23b06cd855cdc7a4b57706c95964a37e24b47c10fc9000000000000000000000000000000000000000000000000000000000000001663727970746f2e554e4b4e4f574e2e6164647265737300000000000000000000"},"latest"],"id":6}
13:34:41.471 DEBUG [o.w.p.h.HttpService]  --> END POST (392-byte body)
13:34:41.603 DEBUG [o.w.p.h.HttpService]  <-- 200  https://mainnet.infura.io/v3/781c1e5cae32417b93eac26042950d25 (131ms)
13:34:41.603 DEBUG [o.w.p.h.HttpService]  date: Thu, 21 May 2020 20:34:41 GMT
13:34:41.603 DEBUG [o.w.p.h.HttpService]  content-type: application/json
13:34:41.603 DEBUG [o.w.p.h.HttpService]  content-length: 166
13:34:41.603 DEBUG [o.w.p.h.HttpService]  vary: Origin
13:34:41.603 DEBUG [o.w.p.h.HttpService]  
13:34:41.603 DEBUG [o.w.p.h.HttpService]  {"jsonrpc":"2.0","id":6,"result":"0x00000000000000000000000000000000000000000000000000000000000000200000000000000000000000000000000000000000000000000000000000000000"}
13:34:41.603 DEBUG [o.w.p.h.HttpService]  <-- END HTTP (166-byte body)
13:34:41.615 DEBUG [o.w.p.h.HttpService]  --> POST https://mainnet.infura.io/v3/781c1e5cae32417b93eac26042950d25 http/1.1
13:34:41.615 DEBUG [o.w.p.h.HttpService]  Content-Type: application/json; charset=utf-8
13:34:41.615 DEBUG [o.w.p.h.HttpService]  Content-Length: 200
13:34:41.615 DEBUG [o.w.p.h.HttpService]  
13:34:41.615 DEBUG [o.w.p.h.HttpService]  {"jsonrpc":"2.0","method":"eth_call","params":[{"to":"0xD1E5b0FF1287aA9f9A268759062E4Ab08b9Dacbe","data":"0x6352211e756e4e998dbffd803c21d23b06cd855cdc7a4b57706c95964a37e24b47c10fc9"},"latest"],"id":7}
13:34:41.615 DEBUG [o.w.p.h.HttpService]  --> END POST (200-byte body)
13:34:42.234 DEBUG [o.w.p.h.HttpService]  <-- 200  https://mainnet.infura.io/v3/781c1e5cae32417b93eac26042950d25 (619ms)
13:34:42.235 DEBUG [o.w.p.h.HttpService]  date: Thu, 21 May 2020 20:34:42 GMT
13:34:42.235 DEBUG [o.w.p.h.HttpService]  content-type: application/json
13:34:42.235 DEBUG [o.w.p.h.HttpService]  content-length: 102
13:34:42.235 DEBUG [o.w.p.h.HttpService]  vary: Origin
13:34:42.235 DEBUG [o.w.p.h.HttpService]  
13:34:42.235 DEBUG [o.w.p.h.HttpService]  {"jsonrpc":"2.0","id":7,"result":"0x0000000000000000000000008aad44321a86b170879d7a244c1e8d360c99dda8"}
13:34:42.235 DEBUG [o.w.p.h.HttpService]  <-- END HTTP (102-byte body)
13:34:42.236 DEBUG [o.w.p.h.HttpService]  --> POST https://mainnet.infura.io/v3/781c1e5cae32417b93eac26042950d25 http/1.1
13:34:42.236 DEBUG [o.w.p.h.HttpService]  Content-Type: application/json; charset=utf-8
13:34:42.236 DEBUG [o.w.p.h.HttpService]  Content-Length: 200
13:34:42.236 DEBUG [o.w.p.h.HttpService]  
13:34:42.236 DEBUG [o.w.p.h.HttpService]  {"jsonrpc":"2.0","method":"eth_call","params":[{"to":"0xD1E5b0FF1287aA9f9A268759062E4Ab08b9Dacbe","data":"0xb3f9e4cb756e4e998dbffd803c21d23b06cd855cdc7a4b57706c95964a37e24b47c10fc9"},"latest"],"id":8}
13:34:42.236 DEBUG [o.w.p.h.HttpService]  --> END POST (200-byte body)
13:34:42.341 DEBUG [o.w.p.h.HttpService]  <-- 200  https://mainnet.infura.io/v3/781c1e5cae32417b93eac26042950d25 (105ms)
13:34:42.341 DEBUG [o.w.p.h.HttpService]  date: Thu, 21 May 2020 20:34:42 GMT
13:34:42.342 DEBUG [o.w.p.h.HttpService]  content-type: application/json
13:34:42.342 DEBUG [o.w.p.h.HttpService]  content-length: 102
13:34:42.342 DEBUG [o.w.p.h.HttpService]  vary: Origin
13:34:42.342 DEBUG [o.w.p.h.HttpService]  
13:34:42.342 DEBUG [o.w.p.h.HttpService]  {"jsonrpc":"2.0","id":8,"result":"0x000000000000000000000000b66dce2da6afaaa98f2013446dbcb0f4b0ab2842"}
13:34:42.342 DEBUG [o.w.p.h.HttpService]  <-- END HTTP (102-byte body)
13:34:42.343 DEBUG [o.w.p.h.HttpService]  --> POST https://mainnet.infura.io/v3/781c1e5cae32417b93eac26042950d25 http/1.1
13:34:42.343 DEBUG [o.w.p.h.HttpService]  Content-Type: application/json; charset=utf-8
13:34:42.343 DEBUG [o.w.p.h.HttpService]  Content-Length: 392
13:34:42.343 DEBUG [o.w.p.h.HttpService]  
13:34:42.343 DEBUG [o.w.p.h.HttpService]  {"jsonrpc":"2.0","method":"eth_call","params":[{"to":"0xb66dce2da6afaaa98f2013446dbcb0f4b0ab2842","data":"0x1be5e7ed0000000000000000000000000000000000000000000000000000000000000040756e4e998dbffd803c21d23b06cd855cdc7a4b57706c95964a37e24b47c10fc9000000000000000000000000000000000000000000000000000000000000001263727970746f2e4554482e616464726573730000000000000000000000000000"},"latest"],"id":9}
13:34:42.343 DEBUG [o.w.p.h.HttpService]  --> END POST (392-byte body)
13:34:42.588 DEBUG [o.w.p.h.HttpService]  <-- 200  https://mainnet.infura.io/v3/781c1e5cae32417b93eac26042950d25 (244ms)
13:34:42.588 DEBUG [o.w.p.h.HttpService]  date: Thu, 21 May 2020 20:34:42 GMT
13:34:42.588 DEBUG [o.w.p.h.HttpService]  content-type: application/json
13:34:42.588 DEBUG [o.w.p.h.HttpService]  content-length: 166
13:34:42.588 DEBUG [o.w.p.h.HttpService]  vary: Origin
13:34:42.588 DEBUG [o.w.p.h.HttpService]  
13:34:42.588 DEBUG [o.w.p.h.HttpService]  {"jsonrpc":"2.0","id":9,"result":"0x00000000000000000000000000000000000000000000000000000000000000200000000000000000000000000000000000000000000000000000000000000000"}
13:34:42.588 DEBUG [o.w.p.h.HttpService]  <-- END HTTP (166-byte body)
13:34:42.597 DEBUG [o.w.p.h.HttpService]  --> POST https://mainnet.infura.io/v3/781c1e5cae32417b93eac26042950d25 http/1.1
13:34:42.597 DEBUG [o.w.p.h.HttpService]  Content-Type: application/json; charset=utf-8
13:34:42.597 DEBUG [o.w.p.h.HttpService]  Content-Length: 201
13:34:42.597 DEBUG [o.w.p.h.HttpService]  
13:34:42.597 DEBUG [o.w.p.h.HttpService]  {"jsonrpc":"2.0","method":"eth_call","params":[{"to":"0xD1E5b0FF1287aA9f9A268759062E4Ab08b9Dacbe","data":"0x6352211e756e4e998dbffd803c21d23b06cd855cdc7a4b57706c95964a37e24b47c10fc9"},"latest"],"id":10}
13:34:42.597 DEBUG [o.w.p.h.HttpService]  --> END POST (201-byte body)
13:34:43.216 DEBUG [o.w.p.h.HttpService]  <-- 200  https://mainnet.infura.io/v3/781c1e5cae32417b93eac26042950d25 (618ms)
13:34:43.216 DEBUG [o.w.p.h.HttpService]  date: Thu, 21 May 2020 20:34:43 GMT
13:34:43.216 DEBUG [o.w.p.h.HttpService]  content-type: application/json
13:34:43.216 DEBUG [o.w.p.h.HttpService]  content-length: 103
13:34:43.216 DEBUG [o.w.p.h.HttpService]  vary: Origin
13:34:43.216 DEBUG [o.w.p.h.HttpService]  
13:34:43.216 DEBUG [o.w.p.h.HttpService]  {"jsonrpc":"2.0","id":10,"result":"0x0000000000000000000000008aad44321a86b170879d7a244c1e8d360c99dda8"}
13:34:43.216 DEBUG [o.w.p.h.HttpService]  <-- END HTTP (103-byte body)
13:34:43.221 DEBUG [o.w.p.h.HttpService]  --> POST https://mainnet.infura.io/v3/781c1e5cae32417b93eac26042950d25 http/1.1
13:34:43.221 DEBUG [o.w.p.h.HttpService]  Content-Type: application/json; charset=utf-8
13:34:43.221 DEBUG [o.w.p.h.HttpService]  Content-Length: 201
13:34:43.221 DEBUG [o.w.p.h.HttpService]  
13:34:43.221 DEBUG [o.w.p.h.HttpService]  {"jsonrpc":"2.0","method":"eth_call","params":[{"to":"0xD1E5b0FF1287aA9f9A268759062E4Ab08b9Dacbe","data":"0x6352211e756e4e998dbffd803c21d23b06cd855cdc7a4b57706c95964a37e24b47c10fc9"},"latest"],"id":11}
13:34:43.221 DEBUG [o.w.p.h.HttpService]  --> END POST (201-byte body)
13:34:43.813 DEBUG [o.w.p.h.HttpService]  <-- 200  https://mainnet.infura.io/v3/781c1e5cae32417b93eac26042950d25 (592ms)
13:34:43.813 DEBUG [o.w.p.h.HttpService]  date: Thu, 21 May 2020 20:34:43 GMT
13:34:43.813 DEBUG [o.w.p.h.HttpService]  content-type: application/json
13:34:43.813 DEBUG [o.w.p.h.HttpService]  content-length: 103
13:34:43.813 DEBUG [o.w.p.h.HttpService]  vary: Origin
13:34:43.813 DEBUG [o.w.p.h.HttpService]  
13:34:43.813 DEBUG [o.w.p.h.HttpService]  {"jsonrpc":"2.0","id":11,"result":"0x0000000000000000000000008aad44321a86b170879d7a244c1e8d360c99dda8"}
13:34:43.813 DEBUG [o.w.p.h.HttpService]  <-- END HTTP (103-byte body)
13:34:43.814 DEBUG [o.w.p.h.HttpService]  --> POST https://mainnet.infura.io/v3/781c1e5cae32417b93eac26042950d25 http/1.1
13:34:43.814 DEBUG [o.w.p.h.HttpService]  Content-Type: application/json; charset=utf-8
13:34:43.814 DEBUG [o.w.p.h.HttpService]  Content-Length: 201
13:34:43.814 DEBUG [o.w.p.h.HttpService]  
13:34:43.814 DEBUG [o.w.p.h.HttpService]  {"jsonrpc":"2.0","method":"eth_call","params":[{"to":"0xD1E5b0FF1287aA9f9A268759062E4Ab08b9Dacbe","data":"0xb3f9e4cb756e4e998dbffd803c21d23b06cd855cdc7a4b57706c95964a37e24b47c10fc9"},"latest"],"id":12}
13:34:43.814 DEBUG [o.w.p.h.HttpService]  --> END POST (201-byte body)
13:34:44.071 DEBUG [o.w.p.h.HttpService]  <-- 200  https://mainnet.infura.io/v3/781c1e5cae32417b93eac26042950d25 (257ms)
13:34:44.072 DEBUG [o.w.p.h.HttpService]  date: Thu, 21 May 2020 20:34:44 GMT
13:34:44.072 DEBUG [o.w.p.h.HttpService]  content-type: application/json
13:34:44.072 DEBUG [o.w.p.h.HttpService]  content-length: 103
13:34:44.072 DEBUG [o.w.p.h.HttpService]  vary: Origin
13:34:44.072 DEBUG [o.w.p.h.HttpService]  
13:34:44.072 DEBUG [o.w.p.h.HttpService]  {"jsonrpc":"2.0","id":12,"result":"0x000000000000000000000000b66dce2da6afaaa98f2013446dbcb0f4b0ab2842"}
13:34:44.072 DEBUG [o.w.p.h.HttpService]  <-- END HTTP (103-byte body)
13:34:44.073 DEBUG [o.w.p.h.HttpService]  --> POST https://mainnet.infura.io/v3/781c1e5cae32417b93eac26042950d25 http/1.1
13:34:44.073 DEBUG [o.w.p.h.HttpService]  Content-Type: application/json; charset=utf-8
13:34:44.073 DEBUG [o.w.p.h.HttpService]  Content-Length: 393
13:34:44.073 DEBUG [o.w.p.h.HttpService]  
13:34:44.073 DEBUG [o.w.p.h.HttpService]  {"jsonrpc":"2.0","method":"eth_call","params":[{"to":"0xb66dce2da6afaaa98f2013446dbcb0f4b0ab2842","data":"0x1be5e7ed0000000000000000000000000000000000000000000000000000000000000040756e4e998dbffd803c21d23b06cd855cdc7a4b57706c95964a37e24b47c10fc9000000000000000000000000000000000000000000000000000000000000001463727970746f2e444f4447452e61646472657373000000000000000000000000"},"latest"],"id":13}
13:34:44.073 DEBUG [o.w.p.h.HttpService]  --> END POST (393-byte body)
13:34:44.173 DEBUG [o.w.p.h.HttpService]  <-- 200  https://mainnet.infura.io/v3/781c1e5cae32417b93eac26042950d25 (99ms)
13:34:44.173 DEBUG [o.w.p.h.HttpService]  date: Thu, 21 May 2020 20:34:44 GMT
13:34:44.173 DEBUG [o.w.p.h.HttpService]  content-type: application/json
13:34:44.173 DEBUG [o.w.p.h.HttpService]  content-length: 167
13:34:44.173 DEBUG [o.w.p.h.HttpService]  vary: Origin
13:34:44.174 DEBUG [o.w.p.h.HttpService]  
13:34:44.174 DEBUG [o.w.p.h.HttpService]  {"jsonrpc":"2.0","id":13,"result":"0x00000000000000000000000000000000000000000000000000000000000000200000000000000000000000000000000000000000000000000000000000000000"}
13:34:44.174 DEBUG [o.w.p.h.HttpService]  <-- END HTTP (167-byte body)
13:34:44.177 DEBUG [o.w.p.h.HttpService]  --> POST https://mainnet.infura.io/v3/781c1e5cae32417b93eac26042950d25 http/1.1
13:34:44.177 DEBUG [o.w.p.h.HttpService]  Content-Type: application/json; charset=utf-8
13:34:44.177 DEBUG [o.w.p.h.HttpService]  Content-Length: 201
13:34:44.177 DEBUG [o.w.p.h.HttpService]  
13:34:44.178 DEBUG [o.w.p.h.HttpService]  {"jsonrpc":"2.0","method":"eth_call","params":[{"to":"0xD1E5b0FF1287aA9f9A268759062E4Ab08b9Dacbe","data":"0x6352211e6d8b296e38dfd295f2f4feb9ef2721c48210b7d77c0a08867123d9bd5150cf47"},"latest"],"id":14}
13:34:44.178 DEBUG [o.w.p.h.HttpService]  --> END POST (201-byte body)
13:34:44.799 DEBUG [o.w.p.h.HttpService]  <-- 200  https://mainnet.infura.io/v3/781c1e5cae32417b93eac26042950d25 (621ms)
13:34:44.799 DEBUG [o.w.p.h.HttpService]  date: Thu, 21 May 2020 20:34:44 GMT
13:34:44.799 DEBUG [o.w.p.h.HttpService]  content-type: application/json
13:34:44.799 DEBUG [o.w.p.h.HttpService]  content-length: 303
13:34:44.799 DEBUG [o.w.p.h.HttpService]  vary: Origin
13:34:44.799 DEBUG [o.w.p.h.HttpService]  
13:34:44.799 DEBUG [o.w.p.h.HttpService]  {"jsonrpc":"2.0","id":14,"result":"0x08c379a0000000000000000000000000000000000000000000000000000000000000002000000000000000000000000000000000000000000000000000000000000000294552433732313a206f776e657220717565727920666f72206e6f6e6578697374656e7420746f6b656e0000000000000000000000000000000000000000000000"}
13:34:44.799 DEBUG [o.w.p.h.HttpService]  <-- END HTTP (303-byte body)
13:34:44.807 DEBUG [o.w.p.h.HttpService]  --> POST https://mainnet.infura.io/v3/781c1e5cae32417b93eac26042950d25 http/1.1
13:34:44.807 DEBUG [o.w.p.h.HttpService]  Content-Type: application/json; charset=utf-8
13:34:44.807 DEBUG [o.w.p.h.HttpService]  Content-Length: 201
13:34:44.807 DEBUG [o.w.p.h.HttpService]  
13:34:44.807 DEBUG [o.w.p.h.HttpService]  {"jsonrpc":"2.0","method":"eth_call","params":[{"to":"0xD1E5b0FF1287aA9f9A268759062E4Ab08b9Dacbe","data":"0xb3f9e4cb756e4e998dbffd803c21d23b06cd855cdc7a4b57706c95964a37e24b47c10fc9"},"latest"],"id":15}
13:34:44.807 DEBUG [o.w.p.h.HttpService]  --> END POST (201-byte body)
13:34:45.430 DEBUG [o.w.p.h.HttpService]  <-- 200  https://mainnet.infura.io/v3/781c1e5cae32417b93eac26042950d25 (622ms)
13:34:45.430 DEBUG [o.w.p.h.HttpService]  date: Thu, 21 May 2020 20:34:45 GMT
13:34:45.430 DEBUG [o.w.p.h.HttpService]  content-type: application/json
13:34:45.430 DEBUG [o.w.p.h.HttpService]  content-length: 103
13:34:45.430 DEBUG [o.w.p.h.HttpService]  vary: Origin
13:34:45.430 DEBUG [o.w.p.h.HttpService]  
13:34:45.430 DEBUG [o.w.p.h.HttpService]  {"jsonrpc":"2.0","id":15,"result":"0x000000000000000000000000b66dce2da6afaaa98f2013446dbcb0f4b0ab2842"}
13:34:45.430 DEBUG [o.w.p.h.HttpService]  <-- END HTTP (103-byte body)
13:34:45.432 DEBUG [o.w.p.h.HttpService]  --> POST https://mainnet.infura.io/v3/781c1e5cae32417b93eac26042950d25 http/1.1
13:34:45.432 DEBUG [o.w.p.h.HttpService]  Content-Type: application/json; charset=utf-8
13:34:45.432 DEBUG [o.w.p.h.HttpService]  Content-Length: 393
13:34:45.432 DEBUG [o.w.p.h.HttpService]  
13:34:45.432 DEBUG [o.w.p.h.HttpService]  {"jsonrpc":"2.0","method":"eth_call","params":[{"to":"0xb66dce2da6afaaa98f2013446dbcb0f4b0ab2842","data":"0x1be5e7ed0000000000000000000000000000000000000000000000000000000000000040756e4e998dbffd803c21d23b06cd855cdc7a4b57706c95964a37e24b47c10fc9000000000000000000000000000000000000000000000000000000000000000f697066732e68746d6c2e76616c75650000000000000000000000000000000000"},"latest"],"id":16}
13:34:45.432 DEBUG [o.w.p.h.HttpService]  --> END POST (393-byte body)
13:34:45.569 DEBUG [o.w.p.h.HttpService]  <-- 200  https://mainnet.infura.io/v3/781c1e5cae32417b93eac26042950d25 (137ms)
13:34:45.569 DEBUG [o.w.p.h.HttpService]  date: Thu, 21 May 2020 20:34:45 GMT
13:34:45.569 DEBUG [o.w.p.h.HttpService]  content-type: application/json
13:34:45.569 DEBUG [o.w.p.h.HttpService]  content-length: 295
13:34:45.569 DEBUG [o.w.p.h.HttpService]  vary: Origin
13:34:45.569 DEBUG [o.w.p.h.HttpService]  
13:34:45.569 DEBUG [o.w.p.h.HttpService]  {"jsonrpc":"2.0","id":16,"result":"0x0000000000000000000000000000000000000000000000000000000000000020000000000000000000000000000000000000000000000000000000000000002e516d52734456527774646868677a6e7433565a65726471634a7764514351763961785a6379334635685868355035000000000000000000000000000000000000"}
13:34:45.569 DEBUG [o.w.p.h.HttpService]  <-- END HTTP (295-byte body)
13:36:33.942 DEBUG [o.w.p.h.HttpService]  --> POST https://mainnet.infura.io/v3/781c1e5cae32417b93eac26042950d25 http/1.1
13:36:33.943 DEBUG [o.w.p.h.HttpService]  Content-Type: application/json; charset=utf-8
13:36:33.943 DEBUG [o.w.p.h.HttpService]  Content-Length: 200
13:36:33.944 DEBUG [o.w.p.h.HttpService]  
13:36:33.944 DEBUG [o.w.p.h.HttpService]  {"jsonrpc":"2.0","method":"eth_call","params":[{"to":"0xD1E5b0FF1287aA9f9A268759062E4Ab08b9Dacbe","data":"0x6352211e6d8b296e38dfd295f2f4feb9ef2721c48210b7d77c0a08867123d9bd5150cf47"},"latest"],"id":0}
13:36:33.944 DEBUG [o.w.p.h.HttpService]  --> END POST (200-byte body)
13:36:34.600 DEBUG [o.w.p.h.HttpService]  <-- 200  https://mainnet.infura.io/v3/781c1e5cae32417b93eac26042950d25 (655ms)
13:36:34.600 DEBUG [o.w.p.h.HttpService]  date: Thu, 21 May 2020 20:36:34 GMT
13:36:34.600 DEBUG [o.w.p.h.HttpService]  content-type: application/json
13:36:34.600 DEBUG [o.w.p.h.HttpService]  content-length: 302
13:36:34.600 DEBUG [o.w.p.h.HttpService]  vary: Origin
13:36:34.600 DEBUG [o.w.p.h.HttpService]  
13:36:34.600 DEBUG [o.w.p.h.HttpService]  {"jsonrpc":"2.0","id":0,"result":"0x08c379a0000000000000000000000000000000000000000000000000000000000000002000000000000000000000000000000000000000000000000000000000000000294552433732313a206f776e657220717565727920666f72206e6f6e6578697374656e7420746f6b656e0000000000000000000000000000000000000000000000"}
13:36:34.600 DEBUG [o.w.p.h.HttpService]  <-- END HTTP (302-byte body)
13:36:34.636 DEBUG [o.w.p.h.HttpService]  --> POST https://mainnet.infura.io/v3/781c1e5cae32417b93eac26042950d25 http/1.1
13:36:34.636 DEBUG [o.w.p.h.HttpService]  Content-Type: application/json; charset=utf-8
13:36:34.636 DEBUG [o.w.p.h.HttpService]  Content-Length: 200
13:36:34.636 DEBUG [o.w.p.h.HttpService]  
13:36:34.636 DEBUG [o.w.p.h.HttpService]  {"jsonrpc":"2.0","method":"eth_call","params":[{"to":"0xD1E5b0FF1287aA9f9A268759062E4Ab08b9Dacbe","data":"0xb3f9e4cb756e4e998dbffd803c21d23b06cd855cdc7a4b57706c95964a37e24b47c10fc9"},"latest"],"id":1}
13:36:34.636 DEBUG [o.w.p.h.HttpService]  --> END POST (200-byte body)
13:36:35.265 DEBUG [o.w.p.h.HttpService]  <-- 200  https://mainnet.infura.io/v3/781c1e5cae32417b93eac26042950d25 (628ms)
13:36:35.265 DEBUG [o.w.p.h.HttpService]  date: Thu, 21 May 2020 20:36:35 GMT
13:36:35.265 DEBUG [o.w.p.h.HttpService]  content-type: application/json
13:36:35.265 DEBUG [o.w.p.h.HttpService]  content-length: 102
13:36:35.265 DEBUG [o.w.p.h.HttpService]  vary: Origin
13:36:35.265 DEBUG [o.w.p.h.HttpService]  
13:36:35.265 DEBUG [o.w.p.h.HttpService]  {"jsonrpc":"2.0","id":1,"result":"0x000000000000000000000000b66dce2da6afaaa98f2013446dbcb0f4b0ab2842"}
13:36:35.265 DEBUG [o.w.p.h.HttpService]  <-- END HTTP (102-byte body)
13:36:35.270 DEBUG [o.w.p.h.HttpService]  --> POST https://mainnet.infura.io/v3/781c1e5cae32417b93eac26042950d25 http/1.1
13:36:35.270 DEBUG [o.w.p.h.HttpService]  Content-Type: application/json; charset=utf-8
13:36:35.270 DEBUG [o.w.p.h.HttpService]  Content-Length: 392
13:36:35.270 DEBUG [o.w.p.h.HttpService]  
13:36:35.270 DEBUG [o.w.p.h.HttpService]  {"jsonrpc":"2.0","method":"eth_call","params":[{"to":"0xb66dce2da6afaaa98f2013446dbcb0f4b0ab2842","data":"0x1be5e7ed0000000000000000000000000000000000000000000000000000000000000040756e4e998dbffd803c21d23b06cd855cdc7a4b57706c95964a37e24b47c10fc9000000000000000000000000000000000000000000000000000000000000001177686f69732e656d61696c2e76616c7565000000000000000000000000000000"},"latest"],"id":2}
13:36:35.270 DEBUG [o.w.p.h.HttpService]  --> END POST (392-byte body)
13:36:35.391 DEBUG [o.w.p.h.HttpService]  <-- 200  https://mainnet.infura.io/v3/781c1e5cae32417b93eac26042950d25 (120ms)
13:36:35.391 DEBUG [o.w.p.h.HttpService]  date: Thu, 21 May 2020 20:36:35 GMT
13:36:35.391 DEBUG [o.w.p.h.HttpService]  content-type: application/json
13:36:35.391 DEBUG [o.w.p.h.HttpService]  content-length: 166
13:36:35.391 DEBUG [o.w.p.h.HttpService]  vary: Origin
13:36:35.391 DEBUG [o.w.p.h.HttpService]  
13:36:35.391 DEBUG [o.w.p.h.HttpService]  {"jsonrpc":"2.0","id":2,"result":"0x00000000000000000000000000000000000000000000000000000000000000200000000000000000000000000000000000000000000000000000000000000000"}
13:36:35.391 DEBUG [o.w.p.h.HttpService]  <-- END HTTP (166-byte body)
13:36:35.401 DEBUG [o.w.p.h.HttpService]  --> POST https://mainnet.infura.io/v3/781c1e5cae32417b93eac26042950d25 http/1.1
13:36:35.401 DEBUG [o.w.p.h.HttpService]  Content-Type: application/json; charset=utf-8
13:36:35.401 DEBUG [o.w.p.h.HttpService]  Content-Length: 200
13:36:35.401 DEBUG [o.w.p.h.HttpService]  
13:36:35.401 DEBUG [o.w.p.h.HttpService]  {"jsonrpc":"2.0","method":"eth_call","params":[{"to":"0xD1E5b0FF1287aA9f9A268759062E4Ab08b9Dacbe","data":"0xb3f9e4cb6d8b296e38dfd295f2f4feb9ef2721c48210b7d77c0a08867123d9bd5150cf47"},"latest"],"id":3}
13:36:35.401 DEBUG [o.w.p.h.HttpService]  --> END POST (200-byte body)
13:36:36.045 DEBUG [o.w.p.h.HttpService]  <-- 200  https://mainnet.infura.io/v3/781c1e5cae32417b93eac26042950d25 (644ms)
13:36:36.045 DEBUG [o.w.p.h.HttpService]  date: Thu, 21 May 2020 20:36:36 GMT
13:36:36.045 DEBUG [o.w.p.h.HttpService]  content-type: application/json
13:36:36.045 DEBUG [o.w.p.h.HttpService]  content-length: 38
13:36:36.045 DEBUG [o.w.p.h.HttpService]  vary: Origin
13:36:36.045 DEBUG [o.w.p.h.HttpService]  
13:36:36.045 DEBUG [o.w.p.h.HttpService]  {"jsonrpc":"2.0","id":3,"result":"0x"}
13:36:36.045 DEBUG [o.w.p.h.HttpService]  <-- END HTTP (38-byte body)
13:36:36.049 DEBUG [o.w.p.h.HttpService]  --> POST https://mainnet.infura.io/v3/781c1e5cae32417b93eac26042950d25 http/1.1
13:36:36.049 DEBUG [o.w.p.h.HttpService]  Content-Type: application/json; charset=utf-8
13:36:36.049 DEBUG [o.w.p.h.HttpService]  Content-Length: 200
13:36:36.049 DEBUG [o.w.p.h.HttpService]  
13:36:36.049 DEBUG [o.w.p.h.HttpService]  {"jsonrpc":"2.0","method":"eth_call","params":[{"to":"0xD1E5b0FF1287aA9f9A268759062E4Ab08b9Dacbe","data":"0x6352211e756e4e998dbffd803c21d23b06cd855cdc7a4b57706c95964a37e24b47c10fc9"},"latest"],"id":4}
13:36:36.049 DEBUG [o.w.p.h.HttpService]  --> END POST (200-byte body)
13:36:36.701 DEBUG [o.w.p.h.HttpService]  <-- 200  https://mainnet.infura.io/v3/781c1e5cae32417b93eac26042950d25 (651ms)
13:36:36.701 DEBUG [o.w.p.h.HttpService]  date: Thu, 21 May 2020 20:36:36 GMT
13:36:36.701 DEBUG [o.w.p.h.HttpService]  content-type: application/json
13:36:36.701 DEBUG [o.w.p.h.HttpService]  content-length: 102
13:36:36.701 DEBUG [o.w.p.h.HttpService]  vary: Origin
13:36:36.701 DEBUG [o.w.p.h.HttpService]  
13:36:36.701 DEBUG [o.w.p.h.HttpService]  {"jsonrpc":"2.0","id":4,"result":"0x0000000000000000000000008aad44321a86b170879d7a244c1e8d360c99dda8"}
13:36:36.701 DEBUG [o.w.p.h.HttpService]  <-- END HTTP (102-byte body)
13:36:36.706 DEBUG [o.w.p.h.HttpService]  --> POST https://mainnet.infura.io/v3/781c1e5cae32417b93eac26042950d25 http/1.1
13:36:36.706 DEBUG [o.w.p.h.HttpService]  Content-Type: application/json; charset=utf-8
13:36:36.706 DEBUG [o.w.p.h.HttpService]  Content-Length: 200
13:36:36.706 DEBUG [o.w.p.h.HttpService]  
13:36:36.706 DEBUG [o.w.p.h.HttpService]  {"jsonrpc":"2.0","method":"eth_call","params":[{"to":"0xD1E5b0FF1287aA9f9A268759062E4Ab08b9Dacbe","data":"0xb3f9e4cb756e4e998dbffd803c21d23b06cd855cdc7a4b57706c95964a37e24b47c10fc9"},"latest"],"id":5}
13:36:36.706 DEBUG [o.w.p.h.HttpService]  --> END POST (200-byte body)
13:36:36.805 DEBUG [o.w.p.h.HttpService]  <-- 200  https://mainnet.infura.io/v3/781c1e5cae32417b93eac26042950d25 (98ms)
13:36:36.805 DEBUG [o.w.p.h.HttpService]  date: Thu, 21 May 2020 20:36:36 GMT
13:36:36.805 DEBUG [o.w.p.h.HttpService]  content-type: application/json
13:36:36.805 DEBUG [o.w.p.h.HttpService]  content-length: 102
13:36:36.805 DEBUG [o.w.p.h.HttpService]  vary: Origin
13:36:36.805 DEBUG [o.w.p.h.HttpService]  
13:36:36.805 DEBUG [o.w.p.h.HttpService]  {"jsonrpc":"2.0","id":5,"result":"0x000000000000000000000000b66dce2da6afaaa98f2013446dbcb0f4b0ab2842"}
13:36:36.805 DEBUG [o.w.p.h.HttpService]  <-- END HTTP (102-byte body)
13:36:36.807 DEBUG [o.w.p.h.HttpService]  --> POST https://mainnet.infura.io/v3/781c1e5cae32417b93eac26042950d25 http/1.1
13:36:36.807 DEBUG [o.w.p.h.HttpService]  Content-Type: application/json; charset=utf-8
13:36:36.807 DEBUG [o.w.p.h.HttpService]  Content-Length: 392
13:36:36.807 DEBUG [o.w.p.h.HttpService]  
13:36:36.807 DEBUG [o.w.p.h.HttpService]  {"jsonrpc":"2.0","method":"eth_call","params":[{"to":"0xb66dce2da6afaaa98f2013446dbcb0f4b0ab2842","data":"0x1be5e7ed0000000000000000000000000000000000000000000000000000000000000040756e4e998dbffd803c21d23b06cd855cdc7a4b57706c95964a37e24b47c10fc9000000000000000000000000000000000000000000000000000000000000001663727970746f2e554e4b4e4f574e2e6164647265737300000000000000000000"},"latest"],"id":6}
13:36:36.807 DEBUG [o.w.p.h.HttpService]  --> END POST (392-byte body)
13:36:36.990 DEBUG [o.w.p.h.HttpService]  <-- 200  https://mainnet.infura.io/v3/781c1e5cae32417b93eac26042950d25 (182ms)
13:36:36.990 DEBUG [o.w.p.h.HttpService]  date: Thu, 21 May 2020 20:36:36 GMT
13:36:36.990 DEBUG [o.w.p.h.HttpService]  content-type: application/json
13:36:36.990 DEBUG [o.w.p.h.HttpService]  content-length: 166
13:36:36.990 DEBUG [o.w.p.h.HttpService]  vary: Origin
13:36:36.990 DEBUG [o.w.p.h.HttpService]  
13:36:36.990 DEBUG [o.w.p.h.HttpService]  {"jsonrpc":"2.0","id":6,"result":"0x00000000000000000000000000000000000000000000000000000000000000200000000000000000000000000000000000000000000000000000000000000000"}
13:36:36.990 DEBUG [o.w.p.h.HttpService]  <-- END HTTP (166-byte body)
13:36:37.002 DEBUG [o.w.p.h.HttpService]  --> POST https://mainnet.infura.io/v3/781c1e5cae32417b93eac26042950d25 http/1.1
13:36:37.002 DEBUG [o.w.p.h.HttpService]  Content-Type: application/json; charset=utf-8
13:36:37.002 DEBUG [o.w.p.h.HttpService]  Content-Length: 200
13:36:37.002 DEBUG [o.w.p.h.HttpService]  
13:36:37.002 DEBUG [o.w.p.h.HttpService]  {"jsonrpc":"2.0","method":"eth_call","params":[{"to":"0xD1E5b0FF1287aA9f9A268759062E4Ab08b9Dacbe","data":"0x6352211e756e4e998dbffd803c21d23b06cd855cdc7a4b57706c95964a37e24b47c10fc9"},"latest"],"id":7}
13:36:37.002 DEBUG [o.w.p.h.HttpService]  --> END POST (200-byte body)
13:36:37.635 DEBUG [o.w.p.h.HttpService]  <-- 200  https://mainnet.infura.io/v3/781c1e5cae32417b93eac26042950d25 (632ms)
13:36:37.635 DEBUG [o.w.p.h.HttpService]  date: Thu, 21 May 2020 20:36:37 GMT
13:36:37.635 DEBUG [o.w.p.h.HttpService]  content-type: application/json
13:36:37.635 DEBUG [o.w.p.h.HttpService]  content-length: 102
13:36:37.635 DEBUG [o.w.p.h.HttpService]  vary: Origin
13:36:37.635 DEBUG [o.w.p.h.HttpService]  
13:36:37.635 DEBUG [o.w.p.h.HttpService]  {"jsonrpc":"2.0","id":7,"result":"0x0000000000000000000000008aad44321a86b170879d7a244c1e8d360c99dda8"}
13:36:37.635 DEBUG [o.w.p.h.HttpService]  <-- END HTTP (102-byte body)
13:36:37.636 DEBUG [o.w.p.h.HttpService]  --> POST https://mainnet.infura.io/v3/781c1e5cae32417b93eac26042950d25 http/1.1
13:36:37.636 DEBUG [o.w.p.h.HttpService]  Content-Type: application/json; charset=utf-8
13:36:37.636 DEBUG [o.w.p.h.HttpService]  Content-Length: 200
13:36:37.636 DEBUG [o.w.p.h.HttpService]  
13:36:37.636 DEBUG [o.w.p.h.HttpService]  {"jsonrpc":"2.0","method":"eth_call","params":[{"to":"0xD1E5b0FF1287aA9f9A268759062E4Ab08b9Dacbe","data":"0xb3f9e4cb756e4e998dbffd803c21d23b06cd855cdc7a4b57706c95964a37e24b47c10fc9"},"latest"],"id":8}
13:36:37.636 DEBUG [o.w.p.h.HttpService]  --> END POST (200-byte body)
13:36:37.740 DEBUG [o.w.p.h.HttpService]  <-- 200  https://mainnet.infura.io/v3/781c1e5cae32417b93eac26042950d25 (103ms)
13:36:37.740 DEBUG [o.w.p.h.HttpService]  date: Thu, 21 May 2020 20:36:37 GMT
13:36:37.740 DEBUG [o.w.p.h.HttpService]  content-type: application/json
13:36:37.740 DEBUG [o.w.p.h.HttpService]  content-length: 102
13:36:37.740 DEBUG [o.w.p.h.HttpService]  vary: Origin
13:36:37.740 DEBUG [o.w.p.h.HttpService]  
13:36:37.740 DEBUG [o.w.p.h.HttpService]  {"jsonrpc":"2.0","id":8,"result":"0x000000000000000000000000b66dce2da6afaaa98f2013446dbcb0f4b0ab2842"}
13:36:37.740 DEBUG [o.w.p.h.HttpService]  <-- END HTTP (102-byte body)
13:36:37.741 DEBUG [o.w.p.h.HttpService]  --> POST https://mainnet.infura.io/v3/781c1e5cae32417b93eac26042950d25 http/1.1
13:36:37.741 DEBUG [o.w.p.h.HttpService]  Content-Type: application/json; charset=utf-8
13:36:37.741 DEBUG [o.w.p.h.HttpService]  Content-Length: 392
13:36:37.741 DEBUG [o.w.p.h.HttpService]  
13:36:37.741 DEBUG [o.w.p.h.HttpService]  {"jsonrpc":"2.0","method":"eth_call","params":[{"to":"0xb66dce2da6afaaa98f2013446dbcb0f4b0ab2842","data":"0x1be5e7ed0000000000000000000000000000000000000000000000000000000000000040756e4e998dbffd803c21d23b06cd855cdc7a4b57706c95964a37e24b47c10fc9000000000000000000000000000000000000000000000000000000000000001263727970746f2e4554482e616464726573730000000000000000000000000000"},"latest"],"id":9}
13:36:37.741 DEBUG [o.w.p.h.HttpService]  --> END POST (392-byte body)
13:36:37.855 DEBUG [o.w.p.h.HttpService]  <-- 200  https://mainnet.infura.io/v3/781c1e5cae32417b93eac26042950d25 (113ms)
13:36:37.855 DEBUG [o.w.p.h.HttpService]  date: Thu, 21 May 2020 20:36:37 GMT
13:36:37.855 DEBUG [o.w.p.h.HttpService]  content-type: application/json
13:36:37.855 DEBUG [o.w.p.h.HttpService]  content-length: 166
13:36:37.855 DEBUG [o.w.p.h.HttpService]  vary: Origin
13:36:37.855 DEBUG [o.w.p.h.HttpService]  
13:36:37.855 DEBUG [o.w.p.h.HttpService]  {"jsonrpc":"2.0","id":9,"result":"0x00000000000000000000000000000000000000000000000000000000000000200000000000000000000000000000000000000000000000000000000000000000"}
13:36:37.855 DEBUG [o.w.p.h.HttpService]  <-- END HTTP (166-byte body)
13:36:37.861 DEBUG [o.w.p.h.HttpService]  --> POST https://mainnet.infura.io/v3/781c1e5cae32417b93eac26042950d25 http/1.1
13:36:37.861 DEBUG [o.w.p.h.HttpService]  Content-Type: application/json; charset=utf-8
13:36:37.861 DEBUG [o.w.p.h.HttpService]  Content-Length: 201
13:36:37.861 DEBUG [o.w.p.h.HttpService]  
13:36:37.861 DEBUG [o.w.p.h.HttpService]  {"jsonrpc":"2.0","method":"eth_call","params":[{"to":"0xD1E5b0FF1287aA9f9A268759062E4Ab08b9Dacbe","data":"0x6352211e756e4e998dbffd803c21d23b06cd855cdc7a4b57706c95964a37e24b47c10fc9"},"latest"],"id":10}
13:36:37.861 DEBUG [o.w.p.h.HttpService]  --> END POST (201-byte body)
13:36:38.501 DEBUG [o.w.p.h.HttpService]  <-- 200  https://mainnet.infura.io/v3/781c1e5cae32417b93eac26042950d25 (640ms)
13:36:38.502 DEBUG [o.w.p.h.HttpService]  date: Thu, 21 May 2020 20:36:38 GMT
13:36:38.502 DEBUG [o.w.p.h.HttpService]  content-type: application/json
13:36:38.502 DEBUG [o.w.p.h.HttpService]  content-length: 103
13:36:38.502 DEBUG [o.w.p.h.HttpService]  vary: Origin
13:36:38.502 DEBUG [o.w.p.h.HttpService]  
13:36:38.502 DEBUG [o.w.p.h.HttpService]  {"jsonrpc":"2.0","id":10,"result":"0x0000000000000000000000008aad44321a86b170879d7a244c1e8d360c99dda8"}
13:36:38.502 DEBUG [o.w.p.h.HttpService]  <-- END HTTP (103-byte body)
13:36:38.507 DEBUG [o.w.p.h.HttpService]  --> POST https://mainnet.infura.io/v3/781c1e5cae32417b93eac26042950d25 http/1.1
13:36:38.507 DEBUG [o.w.p.h.HttpService]  Content-Type: application/json; charset=utf-8
13:36:38.507 DEBUG [o.w.p.h.HttpService]  Content-Length: 201
13:36:38.507 DEBUG [o.w.p.h.HttpService]  
13:36:38.507 DEBUG [o.w.p.h.HttpService]  {"jsonrpc":"2.0","method":"eth_call","params":[{"to":"0xD1E5b0FF1287aA9f9A268759062E4Ab08b9Dacbe","data":"0x6352211e756e4e998dbffd803c21d23b06cd855cdc7a4b57706c95964a37e24b47c10fc9"},"latest"],"id":11}
13:36:38.507 DEBUG [o.w.p.h.HttpService]  --> END POST (201-byte body)
13:36:39.169 DEBUG [o.w.p.h.HttpService]  <-- 200  https://mainnet.infura.io/v3/781c1e5cae32417b93eac26042950d25 (662ms)
13:36:39.169 DEBUG [o.w.p.h.HttpService]  date: Thu, 21 May 2020 20:36:39 GMT
13:36:39.169 DEBUG [o.w.p.h.HttpService]  content-type: application/json
13:36:39.169 DEBUG [o.w.p.h.HttpService]  content-length: 103
13:36:39.169 DEBUG [o.w.p.h.HttpService]  vary: Origin
13:36:39.169 DEBUG [o.w.p.h.HttpService]  
13:36:39.169 DEBUG [o.w.p.h.HttpService]  {"jsonrpc":"2.0","id":11,"result":"0x0000000000000000000000008aad44321a86b170879d7a244c1e8d360c99dda8"}
13:36:39.169 DEBUG [o.w.p.h.HttpService]  <-- END HTTP (103-byte body)
13:36:39.171 DEBUG [o.w.p.h.HttpService]  --> POST https://mainnet.infura.io/v3/781c1e5cae32417b93eac26042950d25 http/1.1
13:36:39.171 DEBUG [o.w.p.h.HttpService]  Content-Type: application/json; charset=utf-8
13:36:39.171 DEBUG [o.w.p.h.HttpService]  Content-Length: 201
13:36:39.171 DEBUG [o.w.p.h.HttpService]  
13:36:39.171 DEBUG [o.w.p.h.HttpService]  {"jsonrpc":"2.0","method":"eth_call","params":[{"to":"0xD1E5b0FF1287aA9f9A268759062E4Ab08b9Dacbe","data":"0xb3f9e4cb756e4e998dbffd803c21d23b06cd855cdc7a4b57706c95964a37e24b47c10fc9"},"latest"],"id":12}
13:36:39.171 DEBUG [o.w.p.h.HttpService]  --> END POST (201-byte body)
13:36:39.270 DEBUG [o.w.p.h.HttpService]  <-- 200  https://mainnet.infura.io/v3/781c1e5cae32417b93eac26042950d25 (98ms)
13:36:39.270 DEBUG [o.w.p.h.HttpService]  date: Thu, 21 May 2020 20:36:39 GMT
13:36:39.270 DEBUG [o.w.p.h.HttpService]  content-type: application/json
13:36:39.270 DEBUG [o.w.p.h.HttpService]  content-length: 103
13:36:39.270 DEBUG [o.w.p.h.HttpService]  vary: Origin
13:36:39.270 DEBUG [o.w.p.h.HttpService]  
13:36:39.270 DEBUG [o.w.p.h.HttpService]  {"jsonrpc":"2.0","id":12,"result":"0x000000000000000000000000b66dce2da6afaaa98f2013446dbcb0f4b0ab2842"}
13:36:39.270 DEBUG [o.w.p.h.HttpService]  <-- END HTTP (103-byte body)
13:36:39.271 DEBUG [o.w.p.h.HttpService]  --> POST https://mainnet.infura.io/v3/781c1e5cae32417b93eac26042950d25 http/1.1
13:36:39.271 DEBUG [o.w.p.h.HttpService]  Content-Type: application/json; charset=utf-8
13:36:39.271 DEBUG [o.w.p.h.HttpService]  Content-Length: 393
13:36:39.271 DEBUG [o.w.p.h.HttpService]  
13:36:39.271 DEBUG [o.w.p.h.HttpService]  {"jsonrpc":"2.0","method":"eth_call","params":[{"to":"0xb66dce2da6afaaa98f2013446dbcb0f4b0ab2842","data":"0x1be5e7ed0000000000000000000000000000000000000000000000000000000000000040756e4e998dbffd803c21d23b06cd855cdc7a4b57706c95964a37e24b47c10fc9000000000000000000000000000000000000000000000000000000000000001463727970746f2e444f4447452e61646472657373000000000000000000000000"},"latest"],"id":13}
13:36:39.271 DEBUG [o.w.p.h.HttpService]  --> END POST (393-byte body)
13:36:39.373 DEBUG [o.w.p.h.HttpService]  <-- 200  https://mainnet.infura.io/v3/781c1e5cae32417b93eac26042950d25 (101ms)
13:36:39.373 DEBUG [o.w.p.h.HttpService]  date: Thu, 21 May 2020 20:36:39 GMT
13:36:39.373 DEBUG [o.w.p.h.HttpService]  content-type: application/json
13:36:39.373 DEBUG [o.w.p.h.HttpService]  content-length: 167
13:36:39.373 DEBUG [o.w.p.h.HttpService]  vary: Origin
13:36:39.373 DEBUG [o.w.p.h.HttpService]  
13:36:39.373 DEBUG [o.w.p.h.HttpService]  {"jsonrpc":"2.0","id":13,"result":"0x00000000000000000000000000000000000000000000000000000000000000200000000000000000000000000000000000000000000000000000000000000000"}
13:36:39.373 DEBUG [o.w.p.h.HttpService]  <-- END HTTP (167-byte body)
13:36:39.376 DEBUG [o.w.p.h.HttpService]  --> POST https://mainnet.infura.io/v3/781c1e5cae32417b93eac26042950d25 http/1.1
13:36:39.376 DEBUG [o.w.p.h.HttpService]  Content-Type: application/json; charset=utf-8
13:36:39.376 DEBUG [o.w.p.h.HttpService]  Content-Length: 201
13:36:39.376 DEBUG [o.w.p.h.HttpService]  
13:36:39.376 DEBUG [o.w.p.h.HttpService]  {"jsonrpc":"2.0","method":"eth_call","params":[{"to":"0xD1E5b0FF1287aA9f9A268759062E4Ab08b9Dacbe","data":"0x6352211e6d8b296e38dfd295f2f4feb9ef2721c48210b7d77c0a08867123d9bd5150cf47"},"latest"],"id":14}
13:36:39.376 DEBUG [o.w.p.h.HttpService]  --> END POST (201-byte body)
13:36:39.998 DEBUG [o.w.p.h.HttpService]  <-- 200  https://mainnet.infura.io/v3/781c1e5cae32417b93eac26042950d25 (621ms)
13:36:39.998 DEBUG [o.w.p.h.HttpService]  date: Thu, 21 May 2020 20:36:39 GMT
13:36:39.998 DEBUG [o.w.p.h.HttpService]  content-type: application/json
13:36:39.998 DEBUG [o.w.p.h.HttpService]  content-length: 303
13:36:39.998 DEBUG [o.w.p.h.HttpService]  vary: Origin
13:36:39.998 DEBUG [o.w.p.h.HttpService]  
13:36:39.998 DEBUG [o.w.p.h.HttpService]  {"jsonrpc":"2.0","id":14,"result":"0x08c379a0000000000000000000000000000000000000000000000000000000000000002000000000000000000000000000000000000000000000000000000000000000294552433732313a206f776e657220717565727920666f72206e6f6e6578697374656e7420746f6b656e0000000000000000000000000000000000000000000000"}
13:36:39.998 DEBUG [o.w.p.h.HttpService]  <-- END HTTP (303-byte body)
13:36:40.008 DEBUG [o.w.p.h.HttpService]  --> POST https://mainnet.infura.io/v3/781c1e5cae32417b93eac26042950d25 http/1.1
13:36:40.008 DEBUG [o.w.p.h.HttpService]  Content-Type: application/json; charset=utf-8
13:36:40.008 DEBUG [o.w.p.h.HttpService]  Content-Length: 201
13:36:40.008 DEBUG [o.w.p.h.HttpService]  
13:36:40.008 DEBUG [o.w.p.h.HttpService]  {"jsonrpc":"2.0","method":"eth_call","params":[{"to":"0xD1E5b0FF1287aA9f9A268759062E4Ab08b9Dacbe","data":"0xb3f9e4cb756e4e998dbffd803c21d23b06cd855cdc7a4b57706c95964a37e24b47c10fc9"},"latest"],"id":15}
13:36:40.008 DEBUG [o.w.p.h.HttpService]  --> END POST (201-byte body)
13:36:40.650 DEBUG [o.w.p.h.HttpService]  <-- 200  https://mainnet.infura.io/v3/781c1e5cae32417b93eac26042950d25 (642ms)
13:36:40.651 DEBUG [o.w.p.h.HttpService]  date: Thu, 21 May 2020 20:36:40 GMT
13:36:40.651 DEBUG [o.w.p.h.HttpService]  content-type: application/json
13:36:40.651 DEBUG [o.w.p.h.HttpService]  content-length: 103
13:36:40.651 DEBUG [o.w.p.h.HttpService]  vary: Origin
13:36:40.651 DEBUG [o.w.p.h.HttpService]  
13:36:40.651 DEBUG [o.w.p.h.HttpService]  {"jsonrpc":"2.0","id":15,"result":"0x000000000000000000000000b66dce2da6afaaa98f2013446dbcb0f4b0ab2842"}
13:36:40.651 DEBUG [o.w.p.h.HttpService]  <-- END HTTP (103-byte body)
13:36:40.653 DEBUG [o.w.p.h.HttpService]  --> POST https://mainnet.infura.io/v3/781c1e5cae32417b93eac26042950d25 http/1.1
13:36:40.653 DEBUG [o.w.p.h.HttpService]  Content-Type: application/json; charset=utf-8
13:36:40.653 DEBUG [o.w.p.h.HttpService]  Content-Length: 393
13:36:40.653 DEBUG [o.w.p.h.HttpService]  
13:36:40.653 DEBUG [o.w.p.h.HttpService]  {"jsonrpc":"2.0","method":"eth_call","params":[{"to":"0xb66dce2da6afaaa98f2013446dbcb0f4b0ab2842","data":"0x1be5e7ed0000000000000000000000000000000000000000000000000000000000000040756e4e998dbffd803c21d23b06cd855cdc7a4b57706c95964a37e24b47c10fc9000000000000000000000000000000000000000000000000000000000000000f697066732e68746d6c2e76616c75650000000000000000000000000000000000"},"latest"],"id":16}
13:36:40.653 DEBUG [o.w.p.h.HttpService]  --> END POST (393-byte body)
13:36:40.771 DEBUG [o.w.p.h.HttpService]  <-- 200  https://mainnet.infura.io/v3/781c1e5cae32417b93eac26042950d25 (117ms)
13:36:40.771 DEBUG [o.w.p.h.HttpService]  date: Thu, 21 May 2020 20:36:40 GMT
13:36:40.771 DEBUG [o.w.p.h.HttpService]  content-type: application/json
13:36:40.771 DEBUG [o.w.p.h.HttpService]  content-length: 295
13:36:40.771 DEBUG [o.w.p.h.HttpService]  vary: Origin
13:36:40.771 DEBUG [o.w.p.h.HttpService]  
13:36:40.771 DEBUG [o.w.p.h.HttpService]  {"jsonrpc":"2.0","id":16,"result":"0x0000000000000000000000000000000000000000000000000000000000000020000000000000000000000000000000000000000000000000000000000000002e516d52734456527774646868677a6e7433565a65726471634a7764514351763961785a6379334635685868355035000000000000000000000000000000000000"}
13:36:40.771 DEBUG [o.w.p.h.HttpService]  <-- END HTTP (295-byte body)
